<?xml version="1.0" encoding="UTF-8"?>
<testng-results ignored="0" total="2" passed="1" failed="1" skipped="0">
  <reporter-output>
  </reporter-output>
  <suite started-at="2024-08-09T17:05:37 IST" name="Default suite" finished-at="2024-08-09T17:05:52 IST" duration-ms="14858">
    <groups>
    </groups>
    <test started-at="2024-08-09T17:05:37 IST" name="Default test" finished-at="2024-08-09T17:05:52 IST" duration-ms="14858">
      <class name="product.TestBrandProducts">
        <test-method is-config="true" signature="launchBrowser()[pri:0, instance:product.TestBrandProducts@1890516e]" started-at="2024-08-09T17:05:33 IST" name="launchBrowser" finished-at="2024-08-09T17:05:37 IST" duration-ms="4763" status="PASS">
          <reporter-output>
          </reporter-output>
        </test-method> <!-- launchBrowser -->
        <test-method is-config="true" signature="setup()[pri:0, instance:product.TestBrandProducts@1890516e]" started-at="2024-08-09T17:05:37 IST" name="setup" finished-at="2024-08-09T17:05:41 IST" duration-ms="4034" status="PASS">
          <reporter-output>
          </reporter-output>
        </test-method> <!-- setup -->
        <test-method is-config="true" signature="setUp(org.testng.ITestResult)[pri:0, instance:product.TestBrandProducts@1890516e]" started-at="2024-08-09T17:05:41 IST" name="setUp" finished-at="2024-08-09T17:05:41 IST" duration-ms="16" status="PASS">
          <params>
            <param index="0">
              <value>
                <![CDATA[[TestResult name={null} status=CREATED method=TestBrandProducts.viewHomePageBrandsProducts()[pri:0, instance:product.TestBrandProducts@1890516e] output={null}]]]>
              </value>
            </param>
          </params>
          <reporter-output>
          </reporter-output>
        </test-method> <!-- setUp -->
        <test-method signature="viewHomePageBrandsProducts()[pri:0, instance:product.TestBrandProducts@1890516e]" started-at="2024-08-09T17:05:41 IST" name="viewHomePageBrandsProducts" finished-at="2024-08-09T17:05:46 IST" duration-ms="4972" status="PASS">
          <reporter-output>
          </reporter-output>
        </test-method> <!-- viewHomePageBrandsProducts -->
        <test-method is-config="true" signature="afterMethod(org.testng.ITestResult)[pri:0, instance:product.TestBrandProducts@1890516e]" started-at="2024-08-09T17:05:46 IST" name="afterMethod" finished-at="2024-08-09T17:05:46 IST" duration-ms="2" status="PASS">
          <params>
            <param index="0">
              <value>
                <![CDATA[[TestResult name=viewHomePageBrandsProducts status=SUCCESS method=TestBrandProducts.viewHomePageBrandsProducts()[pri:0, instance:product.TestBrandProducts@1890516e] output={null}]]]>
              </value>
            </param>
          </params>
          <reporter-output>
          </reporter-output>
        </test-method> <!-- afterMethod -->
        <test-method is-config="true" signature="setUp(org.testng.ITestResult)[pri:0, instance:product.TestBrandProducts@1890516e]" started-at="2024-08-09T17:05:46 IST" name="setUp" finished-at="2024-08-09T17:05:46 IST" duration-ms="2" status="PASS">
          <params>
            <param index="0">
              <value>
                <![CDATA[[TestResult name={null} status=CREATED method=TestBrandProducts.viewProductPageBrandsProducts()[pri:0, instance:product.TestBrandProducts@1890516e] output={null}]]]>
              </value>
            </param>
          </params>
          <reporter-output>
          </reporter-output>
        </test-method> <!-- setUp -->
        <test-method signature="viewProductPageBrandsProducts()[pri:0, instance:product.TestBrandProducts@1890516e]" started-at="2024-08-09T17:05:46 IST" name="viewProductPageBrandsProducts" finished-at="2024-08-09T17:05:52 IST" duration-ms="5534" status="FAIL">
          <exception class="java.lang.AssertionError">
            <message>
              <![CDATA[Brand page with 'BRAND - POLO PRODUCTS' text is not displayed. expected [BRAND - POLO PRODUCTS] but found [BRAND -  POLO PRODUCTS]]]>
            </message>
            <full-stacktrace>
              <![CDATA[java.lang.AssertionError: Brand page with 'BRAND - POLO PRODUCTS' text is not displayed. expected [BRAND - POLO PRODUCTS] but found [BRAND -  POLO PRODUCTS]
at org.testng.Assert.fail(Assert.java:111)
at org.testng.Assert.failNotEquals(Assert.java:1578)
at org.testng.Assert.assertEqualsImpl(Assert.java:150)
at org.testng.Assert.assertEquals(Assert.java:132)
at org.testng.Assert.assertEquals(Assert.java:656)
at product.TestBrandProducts.viewProductPageBrandsProducts(TestBrandProducts.java:40)
at java.base/jdk.internal.reflect.DirectMethodHandleAccessor.invoke(DirectMethodHandleAccessor.java:103)
at java.base/java.lang.reflect.Method.invoke(Method.java:580)
at org.testng.internal.invokers.MethodInvocationHelper.invokeMethod(MethodInvocationHelper.java:139)
at org.testng.internal.invokers.TestInvoker.invokeMethod(TestInvoker.java:664)
at org.testng.internal.invokers.TestInvoker.invokeTestMethod(TestInvoker.java:227)
at org.testng.internal.invokers.MethodRunner.runInSequence(MethodRunner.java:50)
at org.testng.internal.invokers.TestInvoker$MethodInvocationAgent.invoke(TestInvoker.java:957)
at org.testng.internal.invokers.TestInvoker.invokeTestMethods(TestInvoker.java:200)
at org.testng.internal.invokers.TestMethodWorker.invokeTestMethods(TestMethodWorker.java:148)
at org.testng.internal.invokers.TestMethodWorker.run(TestMethodWorker.java:128)
at java.base/java.util.ArrayList.forEach(ArrayList.java:1597)
at org.testng.TestRunner.privateRun(TestRunner.java:848)
at org.testng.TestRunner.run(TestRunner.java:621)
at org.testng.SuiteRunner.runTest(SuiteRunner.java:443)
at org.testng.SuiteRunner.runSequentially(SuiteRunner.java:437)
at org.testng.SuiteRunner.privateRun(SuiteRunner.java:397)
at org.testng.SuiteRunner.run(SuiteRunner.java:336)
at org.testng.SuiteRunnerWorker.runSuite(SuiteRunnerWorker.java:52)
at org.testng.SuiteRunnerWorker.run(SuiteRunnerWorker.java:95)
at org.testng.TestNG.runSuitesSequentially(TestNG.java:1280)
at org.testng.TestNG.runSuitesLocally(TestNG.java:1200)
at org.testng.TestNG.runSuites(TestNG.java:1114)
at org.testng.TestNG.run(TestNG.java:1082)
at org.testng.remote.AbstractRemoteTestNG.run(AbstractRemoteTestNG.java:115)
at org.testng.remote.RemoteTestNG.initAndRun(RemoteTestNG.java:293)
at org.testng.remote.RemoteTestNG.main(RemoteTestNG.java:91)
]]>
            </full-stacktrace>
          </exception> <!-- java.lang.AssertionError -->
          <reporter-output>
          </reporter-output>
        </test-method> <!-- viewProductPageBrandsProducts -->
        <test-method is-config="true" signature="afterMethod(org.testng.ITestResult)[pri:0, instance:product.TestBrandProducts@1890516e]" started-at="2024-08-09T17:05:52 IST" name="afterMethod" finished-at="2024-08-09T17:05:52 IST" duration-ms="238" status="PASS">
          <params>
            <param index="0">
              <value>
                <![CDATA[[TestResult name=viewProductPageBrandsProducts status=FAILURE method=TestBrandProducts.viewProductPageBrandsProducts()[pri:0, instance:product.TestBrandProducts@1890516e] output={null}]]]>
              </value>
            </param>
          </params>
          <reporter-output>
          </reporter-output>
        </test-method> <!-- afterMethod -->
        <test-method is-config="true" signature="closeDriver()[pri:0, instance:product.TestBrandProducts@1890516e]" started-at="2024-08-09T17:05:52 IST" name="closeDriver" finished-at="2024-08-09T17:05:54 IST" duration-ms="1633" status="PASS">
          <reporter-output>
          </reporter-output>
        </test-method> <!-- closeDriver -->
      </class> <!-- product.TestBrandProducts -->
    </test> <!-- Default test -->
  </suite> <!-- Default suite -->
</testng-results>
